* Starting client
* Connecting to master process on port 7064
* Analyzing classpath: 
  - /Users/hugo/Documents/LEI/LEI 3ano/2 Semestre/ATS/PL3/target/test-classes
  - /Users/hugo/Documents/LEI/LEI 3ano/2 Semestre/ATS/PL3/target/classes
  - /Users/hugo/.m2/repository/org/junit/jupiter/junit-jupiter/5.10.0/junit-jupiter-5.10.0.jar
  - /Users/hugo/.m2/repository/org/junit/jupiter/junit-jupiter-api/5.10.0/junit-jupiter-api-5.10.0.jar
  - /Users/hugo/.m2/repository/org/opentest4j/opentest4j/1.3.0/opentest4j-1.3.0.jar
  - /Users/hugo/.m2/repository/org/junit/platform/junit-platform-commons/1.10.0/junit-platform-commons-1.10.0.jar
  - /Users/hugo/.m2/repository/org/junit/jupiter/junit-jupiter-params/5.10.0/junit-jupiter-params-5.10.0.jar
  - /Users/hugo/.m2/repository/org/junit/jupiter/junit-jupiter-engine/5.10.0/junit-jupiter-engine-5.10.0.jar
  - /Users/hugo/.m2/repository/org/junit/vintage/junit-vintage-engine/5.10.0/junit-vintage-engine-5.10.0.jar
  - /Users/hugo/.m2/repository/org/junit/platform/junit-platform-engine/1.10.0/junit-platform-engine-1.10.0.jar
  - /Users/hugo/.m2/repository/junit/junit/4.13.2/junit-4.13.2.jar
  - /Users/hugo/.m2/repository/org/hamcrest/hamcrest-core/1.3/hamcrest-core-1.3.jar
  - /Users/hugo/.m2/repository/org/apiguardian/apiguardian-api/1.1.2/apiguardian-api-1.1.2.jar
* Finished analyzing classpath
* Generating tests for class Turma
* Test criteria:
  - Line Coverage
  - Branch Coverage
  - Exception
  - Mutation testing (weak)
  - Method-Output Coverage
  - Top-Level Method Coverage
  - No-Exception Top-Level Method Coverage
  - Context Branch Coverage
* Setting up search algorithm for whole suite generation
[MASTER] 16:23:43.122 [pool-2-thread-1] WARN  TestSuiteSerialization - Cannot load tests because file does not exist: /Users/hugo/Documents/LEI/LEI 3ano/2 Semestre/ATS/PL3/.evosuite/evosuite-seeds/Turma.seed
* Loaded 0 tests from /Users/hugo/Documents/LEI/LEI 3ano/2 Semestre/ATS/PL3/.evosuite/evosuite-seeds/Turma.seed
* Total number of test goals: 
  - Line 49
  - Branch 35
  - Exception 0
  - MutationFactory 66
  - Output 19
  - Method 11
  - MethodNoException 11
  - CBranchFitnessFactory 35
* Using seed 1773332621517
* Starting evolution
* Search finished after 98s and 4338 generations, 999503 statements, best individual has fitness: 13.642856665088894
* Writing sequences to pool
* Minimizing test suite
* Going to analyze the coverage criteria
* Coverage analysis for criterion LINE
* Coverage of criterion LINE: 100%
* Total number of goals: 49
* Number of covered goals: 49
* Coverage analysis for criterion BRANCH
* Coverage of criterion BRANCH: 94%
* Total number of goals: 35
* Number of covered goals: 33
* Coverage analysis for criterion EXCEPTION
* Coverage of criterion EXCEPTION: 100%
* Total number of goals: 6
* Number of covered goals: 6
* Coverage analysis for criterion WEAKMUTATION
* Coverage of criterion WEAKMUTATION: 94%
* Total number of goals: 66
* Number of covered goals: 62
* Coverage analysis for criterion OUTPUT
* Coverage of criterion OUTPUT: 68%
* Total number of goals: 19
* Number of covered goals: 13
* Coverage analysis for criterion METHOD
* Coverage of criterion METHOD: 100%
* Total number of goals: 11
* Number of covered goals: 11
* Coverage analysis for criterion METHODNOEXCEPTION
* Coverage of criterion METHODNOEXCEPTION: 100%
* Total number of goals: 11
* Number of covered goals: 11
* Coverage analysis for criterion CBRANCH
* Coverage of criterion CBRANCH: 94%
* Total number of goals: 35
* Number of covered goals: 33
* Generated 24 tests with total length 89
* Resulting test suite's coverage: 94% (average coverage for all fitness functions)
* Generating assertions
* Resulting test suite's mutation score: 71%
* Compiling and checking tests
* Writing JUnit test case 'Turma_ESTest' to /Users/hugo/Documents/LEI/LEI 3ano/2 Semestre/ATS/PL3/.evosuite/tmp_2026_03_12_16_23_40/tests
* Done!

