* Starting client
* Connecting to master process on port 3815
* Analyzing classpath: 
  - /Users/hugo/Documents/LEI/LEI 3ano/2 Semestre/ATS/PL3/target/test-classes
  - /Users/hugo/Documents/LEI/LEI 3ano/2 Semestre/ATS/PL3/target/classes
  - /Users/hugo/.m2/repository/org/junit/jupiter/junit-jupiter/5.10.0/junit-jupiter-5.10.0.jar
  - /Users/hugo/.m2/repository/org/junit/jupiter/junit-jupiter-api/5.10.0/junit-jupiter-api-5.10.0.jar
  - /Users/hugo/.m2/repository/org/opentest4j/opentest4j/1.3.0/opentest4j-1.3.0.jar
  - /Users/hugo/.m2/repository/org/junit/platform/junit-platform-commons/1.10.0/junit-platform-commons-1.10.0.jar
  - /Users/hugo/.m2/repository/org/junit/jupiter/junit-jupiter-params/5.10.0/junit-jupiter-params-5.10.0.jar
  - /Users/hugo/.m2/repository/org/junit/jupiter/junit-jupiter-engine/5.10.0/junit-jupiter-engine-5.10.0.jar
  - /Users/hugo/.m2/repository/org/junit/vintage/junit-vintage-engine/5.10.0/junit-vintage-engine-5.10.0.jar
  - /Users/hugo/.m2/repository/org/junit/platform/junit-platform-engine/1.10.0/junit-platform-engine-1.10.0.jar
  - /Users/hugo/.m2/repository/junit/junit/4.13.2/junit-4.13.2.jar
  - /Users/hugo/.m2/repository/org/hamcrest/hamcrest-core/1.3/hamcrest-core-1.3.jar
  - /Users/hugo/.m2/repository/org/apiguardian/apiguardian-api/1.1.2/apiguardian-api-1.1.2.jar
* Finished analyzing classpath
* Generating tests for class Aluno
* Test criteria:
  - Line Coverage
  - Branch Coverage
  - Exception
  - Mutation testing (weak)
  - Method-Output Coverage
  - Top-Level Method Coverage
  - No-Exception Top-Level Method Coverage
  - Context Branch Coverage
* Setting up search algorithm for whole suite generation
[MASTER] 16:25:27.502 [pool-2-thread-1] WARN  TestSuiteSerialization - Cannot load tests because file does not exist: /Users/hugo/Documents/LEI/LEI 3ano/2 Semestre/ATS/PL3/.evosuite/evosuite-seeds/Aluno.seed
* Loaded 0 tests from /Users/hugo/Documents/LEI/LEI 3ano/2 Semestre/ATS/PL3/.evosuite/evosuite-seeds/Aluno.seed
* Total number of test goals: 
  - Line 44
  - Branch 33
  - Exception 0
  - MutationFactory 90
  - Output 22
  - Method 14
  - MethodNoException 14
  - CBranchFitnessFactory 33
* Using seed 1773332726509
* Starting evolution
* Search finished after 89s and 4211 generations, 1011271 statements, best individual has fitness: 6.75
* Writing sequences to pool
* Minimizing test suite
* Going to analyze the coverage criteria
* Coverage analysis for criterion LINE
* Coverage of criterion LINE: 100%
* Total number of goals: 44
* Number of covered goals: 44
* Coverage analysis for criterion BRANCH
* Coverage of criterion BRANCH: 100%
* Total number of goals: 33
* Number of covered goals: 33
* Coverage analysis for criterion EXCEPTION
* Coverage of criterion EXCEPTION: 100%
* Total number of goals: 3
* Number of covered goals: 3
* Coverage analysis for criterion WEAKMUTATION
* Coverage of criterion WEAKMUTATION: 99%
* Total number of goals: 90
* Number of covered goals: 89
* Coverage analysis for criterion OUTPUT
* Coverage of criterion OUTPUT: 73%
* Total number of goals: 22
* Number of covered goals: 16
* Coverage analysis for criterion METHOD
* Coverage of criterion METHOD: 100%
* Total number of goals: 14
* Number of covered goals: 14
* Coverage analysis for criterion METHODNOEXCEPTION
* Coverage of criterion METHODNOEXCEPTION: 100%
* Total number of goals: 14
* Number of covered goals: 14
* Coverage analysis for criterion CBRANCH
* Coverage of criterion CBRANCH: 100%
* Total number of goals: 33
* Number of covered goals: 33
* Generated 28 tests with total length 61
* Resulting test suite's coverage: 96% (average coverage for all fitness functions)
* Generating assertions
* Resulting test suite's mutation score: 82%
* Compiling and checking tests
* Writing JUnit test case 'Aluno_ESTest' to /Users/hugo/Documents/LEI/LEI 3ano/2 Semestre/ATS/PL3/.evosuite/tmp_2026_03_12_16_23_40/tests
* Done!

